[2026-04-21 03:20:59] [INFO] ── REQUISIÇÃO ── {"method":"GET","route":"login","ip":"::1","session":"","logado":false,"cookies":["PHPSESSID"]}
[2026-04-21 03:31:03] [INFO] ── REQUISIÇÃO ── {"method":"GET","route":"me","ip":"::1","session":"vi5mcu2tv4alme24mjakr0jhvq","logado":false,"cookies":["PHPSESSID"]}
[2026-04-21 03:31:09] [INFO] ── REQUISIÇÃO ── {"method":"POST","route":"login","ip":"::1","session":"vi5mcu2tv4alme24mjakr0jhvq","logado":false,"cookies":["PHPSESSID"]}
[2026-04-21 03:31:09] [INFO] BODY recebido {"usuario":"admin"}
[2026-04-21 03:31:09] [INFO] Tentativa de login iniciada 
[2026-04-21 03:31:09] [INFO] Dados recebidos no login {"usuario":"admin","senha_vazia":false}
[2026-04-21 03:31:09] [INFO] Conexão com DB OK 
[2026-04-21 03:31:09] [INFO] Total de usuarios no banco {"total":3}
[2026-04-21 03:31:09] [INFO] Busca por usuario {"encontrado":true}
[2026-04-21 03:31:09] [INFO] Verificacao de senha {"usuario":"admin","hash_len":60,"hash_ini":"$2y$10$","senha_ok":true}
[2026-04-21 03:31:09] [INFO] Login bem-sucedido {"usuario":"admin","session_id":"aa6rn7rm6vqmqs0faujia32ksr"}
[2026-04-21 03:31:18] [INFO] ── REQUISIÇÃO ── {"method":"GET","route":"login","ip":"::1","session":"aa6rn7rm6vqmqs0faujia32ksr","logado":true,"cookies":["PHPSESSID"]}
[2026-04-21 03:48:02] [INFO] ── REQUISIÇÃO ── {"method":"GET","route":"me","ip":"::1","session":"aa6rn7rm6vqmqs0faujia32ksr","logado":true,"cookies":["PHPSESSID"]}
[2026-04-21 03:50:47] [INFO] ── REQUISIÇÃO ── {"method":"GET","route":"login","ip":"::1","session":"aa6rn7rm6vqmqs0faujia32ksr","logado":true,"cookies":["PHPSESSID"]}
[2026-04-21 03:53:17] [INFO] ── REQUISIÇÃO ── {"method":"GET","route":"me","ip":"::1","session":"aa6rn7rm6vqmqs0faujia32ksr","logado":true,"cookies":["PHPSESSID"]}
[2026-04-21 03:54:59] [INFO] ── REQUISIÇÃO ── {"method":"GET","route":"me","ip":"::1","session":"aa6rn7rm6vqmqs0faujia32ksr","logado":true,"cookies":["PHPSESSID"]}
[2026-04-21 03:57:26] [INFO] ── REQUISIÇÃO ── {"method":"GET","route":"me","ip":"::1","session":"aa6rn7rm6vqmqs0faujia32ksr","logado":true,"cookies":["PHPSESSID"]}
[2026-04-21 04:01:35] [INFO] ── REQUISIÇÃO ── {"method":"GET","route":"me","ip":"::1","session":"aa6rn7rm6vqmqs0faujia32ksr","logado":true,"cookies":["PHPSESSID"]}
[2026-04-21 04:03:19] [INFO] ── REQUISIÇÃO ── {"method":"GET","route":"\/","ip":"::1","session":"aa6rn7rm6vqmqs0faujia32ksr","logado":true,"cookies":["PHPSESSID"]}
[2026-04-21 04:05:37] [INFO] ── REQUISIÇÃO ── {"method":"GET","route":"me","ip":"::1","session":"aa6rn7rm6vqmqs0faujia32ksr","logado":true,"cookies":["PHPSESSID"]}
[2026-04-21 04:05:50] [INFO] ── REQUISIÇÃO ── {"method":"GET","route":"\/","ip":"::1","session":"aa6rn7rm6vqmqs0faujia32ksr","logado":true,"cookies":["PHPSESSID"]}
[2026-04-21 04:06:23] [INFO] ── REQUISIÇÃO ── {"method":"GET","route":"me","ip":"::1","session":"aa6rn7rm6vqmqs0faujia32ksr","logado":true,"cookies":["PHPSESSID"]}
[2026-04-21 04:14:35] [INFO] ── REQUISIÇÃO ── {"method":"GET","route":"me","ip":"::1","session":"aa6rn7rm6vqmqs0faujia32ksr","logado":true,"cookies":["PHPSESSID"]}
